2026-06-13T14:46:15+02:00 Attempt 1 error: Midtrans API is returning API error. HTTP status code: 406 API response: {"status_code":"406","status_message":"The request could not be completed due to a conflict with the current state of the target resource, please try again","id":"d51b1f17-8680-4ddd-8876-90abe7b1f666"}
2026-06-13T14:46:17+02:00 Attempt 2 error: Midtrans API is returning API error. HTTP status code: 406 API response: {"status_code":"406","status_message":"The request could not be completed due to a conflict with the current state of the target resource, please try again","id":"a77bb9fa-26dd-4ad7-8d4c-57ad630c4bca"}
2026-06-13T14:46:19+02:00 Attempt 3 error: Midtrans API is returning API error. HTTP status code: 406 API response: {"status_code":"406","status_message":"The request could not be completed due to a conflict with the current state of the target resource, please try again","id":"449d199e-3e5f-4620-942a-99edca0c395e"}
2026-06-13T14:46:19+02:00 Final error: Midtrans API is returning API error. HTTP status code: 406 API response: {"status_code":"406","status_message":"The request could not be completed due to a conflict with the current state of the target resource, please try again","id":"449d199e-3e5f-4620-942a-99edca0c395e"}
2026-06-13T14:47:36+02:00 Attempt 1 error: Midtrans API is returning API error. HTTP status code: 406 API response: {"status_code":"406","status_message":"The request could not be completed due to a conflict with the current state of the target resource, please try again","id":"e32303bb-300b-4049-95be-84c83cb57498"}
2026-06-13T14:47:37+02:00 Attempt 2 error: Midtrans API is returning API error. HTTP status code: 406 API response: {"status_code":"406","status_message":"The request could not be completed due to a conflict with the current state of the target resource, please try again","id":"a64004db-0d52-4efb-8574-93d760779314"}
2026-06-13T14:47:39+02:00 Attempt 3 error: Midtrans API is returning API error. HTTP status code: 406 API response: {"status_code":"406","status_message":"The request could not be completed due to a conflict with the current state of the target resource, please try again","id":"1d557a4c-f421-439d-946c-f9aec0129e66"}
2026-06-13T14:47:39+02:00 Final error: Midtrans API is returning API error. HTTP status code: 406 API response: {"status_code":"406","status_message":"The request could not be completed due to a conflict with the current state of the target resource, please try again","id":"1d557a4c-f421-439d-946c-f9aec0129e66"}
2026-06-13T14:49:45+02:00 Attempt 1 error: Midtrans API is returning API error. HTTP status code: 406 API response: {"status_code":"406","status_message":"The request could not be completed due to a conflict with the current state of the target resource, please try again","id":"9bf846f0-8ab8-4339-a9eb-a4bad802036a"}
2026-06-13T14:49:45+02:00 406 conflict detected, trying to retrieve existing transaction... 
2026-06-13T14:49:46+02:00 Retrieved existing transaction successfully
2026-06-13T14:49:46+02:00 SUCCESS RESPONSE: {"status_code":"201","transaction_id":"170ce78b-cf70-4a8c-bf0d-5ba5b3ecc697","gross_amount":"10000.00","currency":"IDR","order_id":"BILL-1781354794-6607","payment_type":"qris","signature_key":"cc84e6bf3e8a5bcdba63bdec8d8ea7b1a5b9a2926eb5258135890998c56b67925fa1d29c751e5df33c2c03177fb986fd2f45b26e915dc774803ca588f9faddf6","transaction_status":"pending","fraud_status":"accept","status_message":"Success, transaction is found","merchant_id":"G785893072","transaction_time":"2026-06-13 19:46:32","expiry_time":"2026-06-13 20:01:32"}
2026-06-13T14:50:01+02:00 Attempt 1 error: Midtrans API is returning API error. HTTP status code: 406 API response: {"status_code":"406","status_message":"The request could not be completed due to a conflict with the current state of the target resource, please try again","id":"ae7628ea-199e-4786-83e8-3234937062e0"}
2026-06-13T14:50:01+02:00 406 conflict detected, trying to retrieve existing transaction... 
2026-06-13T14:50:01+02:00 Retrieved existing transaction successfully
2026-06-13T14:50:01+02:00 SUCCESS RESPONSE: {"status_code":"201","transaction_id":"e8f2a3b1-7858-4912-853a-e9fd84b02ce8","gross_amount":"10000.00","currency":"IDR","order_id":"BILL-1781354993-3302","payment_type":"qris","signature_key":"064be1c6b38e3b808f476c1974bc992ffdab31a8d213299235006da0fc8fabd94c31b8c2ebab84d0406d29ec2c2232eea5fce56f730498c4c71aa591e56f1917","transaction_status":"pending","fraud_status":"accept","status_message":"Success, transaction is found","merchant_id":"G785893072","transaction_time":"2026-06-13 19:49:51","expiry_time":"2026-06-13 20:04:51"}
2026-06-13T14:53:57+02:00 Attempt 1 error: Midtrans API is returning API error. HTTP status code: 406 API response: {"status_code":"406","status_message":"The request could not be completed due to a conflict with the current state of the target resource, please try again","id":"8789f641-8505-4e9c-8891-1baef14ee2b3"}
2026-06-13T14:53:57+02:00 406 conflict detected, trying to retrieve existing transaction... 
2026-06-13T14:53:58+02:00 Retrieved existing transaction successfully
2026-06-13T14:53:58+02:00 [BILLING #36] RESPONSE (from new): {"status_code":"201","transaction_id":"e8f2a3b1-7858-4912-853a-e9fd84b02ce8","gross_amount":"10000.00","currency":"IDR","order_id":"BILL-1781354993-3302","payment_type":"qris","signature_key":"064be1c6b38e3b808f476c1974bc992ffdab31a8d213299235006da0fc8fabd94c31b8c2ebab84d0406d29ec2c2232eea5fce56f730498c4c71aa591e56f1917","transaction_status":"pending","fraud_status":"accept","status_message":"Success, transaction is found","merchant_id":"G785893072","transaction_time":"2026-06-13 19:49:51","expiry_time":"2026-06-13 20:04:51"}
2026-06-13T14:53:58+02:00 [BILLING #36] find_qr_recursive result: NOT FOUND
2026-06-13T14:53:58+02:00 [BILLING #36] FINAL RESULT: qr_string=NO qr_url=NO
2026-06-13T14:53:58+02:00 [BILLING #36] Returning: {"billing_code":"BILL-1781354993-3302","qr_string_found":false,"qr_url_found":false}
2026-06-13T14:54:12+02:00 Attempt 1 error: Midtrans API is returning API error. HTTP status code: 406 API response: {"status_code":"406","status_message":"The request could not be completed due to a conflict with the current state of the target resource, please try again","id":"6249bfaa-c282-4725-807e-0b350f53085d"}
2026-06-13T14:54:12+02:00 406 conflict detected, trying to retrieve existing transaction... 
2026-06-13T14:54:12+02:00 Retrieved existing transaction successfully
2026-06-13T14:54:12+02:00 [BILLING #37] RESPONSE (from new): {"status_code":"201","transaction_id":"4af7d97b-9906-4098-8e1e-aa044ace33e4","gross_amount":"10000.00","currency":"IDR","order_id":"BILL-1781355245-7951","payment_type":"qris","signature_key":"acb09ab894bde7ce32fcaeb5168a034ee63c1728e555e364fb14a7adc615072d0df480154b7cffb37bd0b2b3faa9ac44d9a82e7c6dbf79ceae7abdb1adcf31e3","transaction_status":"pending","fraud_status":"accept","status_message":"Success, transaction is found","merchant_id":"G785893072","transaction_time":"2026-06-13 19:54:02","expiry_time":"2026-06-13 20:09:02"}
2026-06-13T14:54:12+02:00 [BILLING #37] find_qr_recursive result: NOT FOUND
2026-06-13T14:54:12+02:00 [BILLING #37] FINAL RESULT: qr_string=NO qr_url=NO
2026-06-13T14:54:12+02:00 [BILLING #37] Returning: {"billing_code":"BILL-1781355245-7951","qr_string_found":false,"qr_url_found":false}
